{"total": {"lines":{"total":436,"covered":418,"skipped":0,"pct":95.87},"statements":{"total":442,"covered":424,"skipped":0,"pct":95.92},"functions":{"total":113,"covered":109,"skipped":0,"pct":96.46},"branches":{"total":233,"covered":214,"skipped":0,"pct":91.84},"branchesTrue":{"total":0,"covered":0,"skipped":0,"pct":100}}
,"/home/runner/work/milky-tea/milky-tea/src/types.ts": {"lines":{"total":8,"covered":8,"skipped":0,"pct":100},"functions":{"total":7,"covered":7,"skipped":0,"pct":100},"statements":{"total":10,"covered":10,"skipped":0,"pct":100},"branches":{"total":0,"covered":0,"skipped":0,"pct":100}}
,"/home/runner/work/milky-tea/milky-tea/src/utils.ts": {"lines":{"total":42,"covered":42,"skipped":0,"pct":100},"functions":{"total":15,"covered":15,"skipped":0,"pct":100},"statements":{"total":43,"covered":43,"skipped":0,"pct":100},"branches":{"total":18,"covered":18,"skipped":0,"pct":100}}
,"/home/runner/work/milky-tea/milky-tea/src/client/endpoint.ts": {"lines":{"total":26,"covered":26,"skipped":0,"pct":100},"functions":{"total":8,"covered":8,"skipped":0,"pct":100},"statements":{"total":28,"covered":28,"skipped":0,"pct":100},"branches":{"total":14,"covered":14,"skipped":0,"pct":100}}
,"/home/runner/work/milky-tea/milky-tea/src/client/fetch.ts": {"lines":{"total":68,"covered":65,"skipped":0,"pct":95.58},"functions":{"total":9,"covered":9,"skipped":0,"pct":100},"statements":{"total":68,"covered":65,"skipped":0,"pct":95.58},"branches":{"total":79,"covered":72,"skipped":0,"pct":91.13}}
,"/home/runner/work/milky-tea/milky-tea/src/events/index.ts": {"lines":{"total":97,"covered":92,"skipped":0,"pct":94.84},"functions":{"total":16,"covered":16,"skipped":0,"pct":100},"statements":{"total":97,"covered":92,"skipped":0,"pct":94.84},"branches":{"total":62,"covered":58,"skipped":0,"pct":93.54}}
,"/home/runner/work/milky-tea/milky-tea/src/events/internal.ts": {"lines":{"total":117,"covered":110,"skipped":0,"pct":94.01},"functions":{"total":36,"covered":33,"skipped":0,"pct":91.66},"statements":{"total":118,"covered":111,"skipped":0,"pct":94.06},"branches":{"total":36,"covered":30,"skipped":0,"pct":83.33}}
,"/home/runner/work/milky-tea/milky-tea/src/events/source.ts": {"lines":{"total":78,"covered":75,"skipped":0,"pct":96.15},"functions":{"total":22,"covered":21,"skipped":0,"pct":95.45},"statements":{"total":78,"covered":75,"skipped":0,"pct":96.15},"branches":{"total":24,"covered":22,"skipped":0,"pct":91.66}}
}
